This is pdfTeX, Version 3.14159265-2.6-1.40.16 (TeX Live 2015/Debian) (preloaded format=pdftex 2021.11.22)  19 APR 2022 17:05
entering extended mode
 restricted \write18 enabled.
 %&-line parsing enabled.
**CycleCyclesCycles.tex
(./CycleCyclesCycles.tex
! Undefined control sequence.
l.1 \documentclass
                  [11pt,a4paper,landscape]{article}
? 
! Interruption.
<to be read again> 
                   [
l.1 \documentclass[
                   11pt,a4paper,landscape]{article}
? ^^[quit
Type <return> to proceed, S to scroll future error messages,
R to run without stopping, Q to run quietly,
I to insert something, E to edit your file,
H for help, X to quit.
? X
No pages of output.
PDF statistics:
 0 PDF objects out of 1000 (max. 8388607)
 0 named destinations out of 1000 (max. 500000)
 1 words of extra memory for PDF output out of 10000 (max. 10000000)

